[01:02:06] [Server thread/INFO]: Starting minecraft server version 1.9.4
[01:02:06] [Server thread/WARN]: To start the server with more ram, launch it as "java -Xmx1024M -Xms1024M -jar minecraft_server.jar"
[01:02:06] [Server thread/INFO]: Loading properties
[01:02:06] [Server thread/INFO]: Default game type: SURVIVAL
[01:02:06] [Server thread/INFO]: Generating keypair
[01:02:07] [Server thread/INFO]: Starting Minecraft server on *:25565
[01:02:07] [Server thread/INFO]: Using default channel type
[01:02:09] [Server thread/INFO]: This server is running CraftBukkit version git-Bukkit-106ced0 (MC: 1.9.4) (Implementing API version 1.9.4-R0.1-SNAPSHOT)
[01:02:09] [Server thread/WARN]: Failed to load user banlist: 
java.io.FileNotFoundException: banned-players.json (The system cannot find the file specified)
	at java.io.FileInputStream.open0(Native Method) ~[?:1.8.0_282]
	at java.io.FileInputStream.open(FileInputStream.java:195) ~[?:1.8.0_282]
	at java.io.FileInputStream.<init>(FileInputStream.java:138) ~[?:1.8.0_282]
	at com.google.common.io.Files.newReader(Files.java:86) ~[craftbukkit.jar:git-Bukkit-106ced0]
	at net.minecraft.server.v1_9_R2.JsonList.load(JsonList.java:171) ~[craftbukkit.jar:git-Bukkit-106ced0]
	at net.minecraft.server.v1_9_R2.DedicatedPlayerList.z(SourceFile:99) [craftbukkit.jar:git-Bukkit-106ced0]
	at net.minecraft.server.v1_9_R2.DedicatedPlayerList.<init>(SourceFile:25) [craftbukkit.jar:git-Bukkit-106ced0]
	at net.minecraft.server.v1_9_R2.DedicatedServer.init(DedicatedServer.java:181) [craftbukkit.jar:git-Bukkit-106ced0]
	at net.minecraft.server.v1_9_R2.MinecraftServer.run(MinecraftServer.java:510) [craftbukkit.jar:git-Bukkit-106ced0]
	at java.lang.Thread.run(Thread.java:748) [?:1.8.0_282]
[01:02:09] [Server thread/WARN]: Failed to load ip banlist: 
java.io.FileNotFoundException: banned-ips.json (The system cannot find the file specified)
	at java.io.FileInputStream.open0(Native Method) ~[?:1.8.0_282]
	at java.io.FileInputStream.open(FileInputStream.java:195) ~[?:1.8.0_282]
	at java.io.FileInputStream.<init>(FileInputStream.java:138) ~[?:1.8.0_282]
	at com.google.common.io.Files.newReader(Files.java:86) ~[craftbukkit.jar:git-Bukkit-106ced0]
	at net.minecraft.server.v1_9_R2.JsonList.load(JsonList.java:171) ~[craftbukkit.jar:git-Bukkit-106ced0]
	at net.minecraft.server.v1_9_R2.DedicatedPlayerList.y(SourceFile:91) [craftbukkit.jar:git-Bukkit-106ced0]
	at net.minecraft.server.v1_9_R2.DedicatedPlayerList.<init>(SourceFile:27) [craftbukkit.jar:git-Bukkit-106ced0]
	at net.minecraft.server.v1_9_R2.DedicatedServer.init(DedicatedServer.java:181) [craftbukkit.jar:git-Bukkit-106ced0]
	at net.minecraft.server.v1_9_R2.MinecraftServer.run(MinecraftServer.java:510) [craftbukkit.jar:git-Bukkit-106ced0]
	at java.lang.Thread.run(Thread.java:748) [?:1.8.0_282]
[01:02:09] [Server thread/WARN]: Failed to load operators list: 
java.io.FileNotFoundException: ops.json (The system cannot find the file specified)
	at java.io.FileInputStream.open0(Native Method) ~[?:1.8.0_282]
	at java.io.FileInputStream.open(FileInputStream.java:195) ~[?:1.8.0_282]
	at java.io.FileInputStream.<init>(FileInputStream.java:138) ~[?:1.8.0_282]
	at com.google.common.io.Files.newReader(Files.java:86) ~[craftbukkit.jar:git-Bukkit-106ced0]
	at net.minecraft.server.v1_9_R2.JsonList.load(JsonList.java:171) ~[craftbukkit.jar:git-Bukkit-106ced0]
	at net.minecraft.server.v1_9_R2.DedicatedPlayerList.A(SourceFile:107) [craftbukkit.jar:git-Bukkit-106ced0]
	at net.minecraft.server.v1_9_R2.DedicatedPlayerList.<init>(SourceFile:29) [craftbukkit.jar:git-Bukkit-106ced0]
	at net.minecraft.server.v1_9_R2.DedicatedServer.init(DedicatedServer.java:181) [craftbukkit.jar:git-Bukkit-106ced0]
	at net.minecraft.server.v1_9_R2.MinecraftServer.run(MinecraftServer.java:510) [craftbukkit.jar:git-Bukkit-106ced0]
	at java.lang.Thread.run(Thread.java:748) [?:1.8.0_282]
[01:02:09] [Server thread/WARN]: Failed to load white-list: 
java.io.FileNotFoundException: whitelist.json (The system cannot find the file specified)
	at java.io.FileInputStream.open0(Native Method) ~[?:1.8.0_282]
	at java.io.FileInputStream.open(FileInputStream.java:195) ~[?:1.8.0_282]
	at java.io.FileInputStream.<init>(FileInputStream.java:138) ~[?:1.8.0_282]
	at com.google.common.io.Files.newReader(Files.java:86) ~[craftbukkit.jar:git-Bukkit-106ced0]
	at net.minecraft.server.v1_9_R2.JsonList.load(JsonList.java:171) ~[craftbukkit.jar:git-Bukkit-106ced0]
	at net.minecraft.server.v1_9_R2.DedicatedPlayerList.C(SourceFile:123) [craftbukkit.jar:git-Bukkit-106ced0]
	at net.minecraft.server.v1_9_R2.DedicatedPlayerList.<init>(SourceFile:30) [craftbukkit.jar:git-Bukkit-106ced0]
	at net.minecraft.server.v1_9_R2.DedicatedServer.init(DedicatedServer.java:181) [craftbukkit.jar:git-Bukkit-106ced0]
	at net.minecraft.server.v1_9_R2.MinecraftServer.run(MinecraftServer.java:510) [craftbukkit.jar:git-Bukkit-106ced0]
	at java.lang.Thread.run(Thread.java:748) [?:1.8.0_282]
[01:02:09] [Server thread/INFO]: Preparing level "lol"
[01:02:11] [Server thread/INFO]: Preparing start region for level 0 (Seed: 459631424364395095)
[01:02:12] [Server thread/INFO]: Preparing spawn area: 5%
[01:02:13] [Server thread/INFO]: Preparing spawn area: 8%
[01:02:14] [Server thread/INFO]: Preparing spawn area: 13%
[01:02:15] [Server thread/INFO]: Preparing spawn area: 19%
[01:02:16] [Server thread/INFO]: Preparing spawn area: 24%
[01:02:17] [Server thread/INFO]: Preparing spawn area: 29%
[01:02:18] [Server thread/INFO]: Preparing spawn area: 37%
[01:02:19] [Server thread/INFO]: Preparing spawn area: 45%
[01:02:20] [Server thread/INFO]: Preparing spawn area: 49%
[01:02:21] [Server thread/INFO]: Preparing spawn area: 56%
[01:02:23] [Server thread/INFO]: Preparing spawn area: 65%
[01:02:24] [Server thread/INFO]: Preparing spawn area: 78%
[01:02:25] [Server thread/INFO]: Preparing spawn area: 88%
[01:02:26] [Server thread/INFO]: Preparing start region for level 1 (Seed: 459631424364395095)
[01:02:27] [Server thread/INFO]: Preparing spawn area: 5%
[01:02:28] [Server thread/INFO]: Preparing spawn area: 16%
[01:02:29] [Server thread/INFO]: Preparing spawn area: 24%
[01:02:30] [Server thread/INFO]: Preparing spawn area: 45%
[01:02:31] [Server thread/INFO]: Preparing spawn area: 60%
[01:02:32] [Server thread/INFO]: Preparing spawn area: 65%
[01:02:33] [Server thread/INFO]: Preparing spawn area: 82%
[01:02:34] [Server thread/INFO]: Preparing spawn area: 90%
[01:02:35] [Server thread/INFO]: Preparing spawn area: 98%
[01:02:35] [Server thread/INFO]: Preparing start region for level 2 (Seed: 459631424364395095)
[01:02:36] [Server thread/INFO]: Preparing spawn area: 17%
[01:02:37] [Server thread/INFO]: Preparing spawn area: 36%
[01:02:38] [Server thread/INFO]: Preparing spawn area: 51%
[01:02:39] [Server thread/INFO]: Preparing spawn area: 64%
[01:02:41] [Server thread/INFO]: Preparing spawn area: 75%
[01:02:42] [Server thread/INFO]: Preparing spawn area: 88%
[01:02:44] [Server thread/INFO]: Done (34.438s)! For help, type "help" or "?"
[01:02:57] [Server console handler/WARN]: Exception in thread "Server console handler" 
[01:02:57] [Server thread/ERROR]: Encountered an unexpected exception
java.lang.OutOfMemoryError: GC overhead limit exceeded
[01:02:59] [Server thread/INFO]: Stopping server
[01:02:59] [File IO Thread/WARN]: java.lang.OutOfMemoryError: GC overhead limit exceededException in thread "File IO Thread" 
[01:03:00] [Server thread/ERROR]: Exception stopping the server
java.lang.OutOfMemoryError: GC overhead limit exceeded
